02:29:57 **** Rebuild of configuration Debug for project EX_6 ****
Info: Internal Builder is used for build
gcc -O0 -g3 -Wall -c -fmessage-length=0 -o "src\\EX_6.o" "..\\src\\EX_6.c" 
..\src\EX_6.c:12:0: warning: ignoring #pragma padding  [-Wunknown-pragmas]
 #pragma padding (1)
 
gcc -o EX_6.exe "src\\EX_6.o" 
02:30:03 **** Incremental Build of configuration Debug for project EX_6 ****
Info: Internal Builder is used for build
gcc -O0 -g3 -Wall -c -fmessage-length=0 -o "src\\EX_6.o" "..\\src\\EX_6.c" 
gcc -o EX_6.exe "src\\EX_6.o" 
02:30:22 **** Incremental Build of configuration Debug for project EX_6 ****
Info: Internal Builder is used for build
gcc -O0 -g3 -Wall -c -fmessage-length=0 -o "src\\EX_6.o" "..\\src\\EX_6.c" 
..\src\EX_6.c:12:0: warning: ignoring #pragma padding  [-Wunknown-pragmas]
 #pragma padding(1)
 
gcc -o EX_6.exe "src\\EX_6.o" 
02:30:35 **** Incremental Build of configuration Debug for project EX_6 ****
Info: Internal Builder is used for build
gcc -O0 -g3 -Wall -c -fmessage-length=0 -o "src\\EX_6.o" "..\\src\\EX_6.c" 
..\src\EX_6.c:12:0: warning: ignoring #pragma padding  [-Wunknown-pragmas]
 #pragma padding
 
gcc -o EX_6.exe "src\\EX_6.o" 
02:30:46 **** Incremental Build of configuration Debug for project EX_6 ****
Info: Internal Builder is used for build
gcc -O0 -g3 -Wall -c -fmessage-length=0 -o "src\\EX_6.o" "..\\src\\EX_6.c" 
..\src\EX_6.c:12:0: warning: ignoring #pragma packing  [-Wunknown-pragmas]
 #pragma packing
 
gcc -o EX_6.exe "src\\EX_6.o" 
