??:??:?? **** Incremental Build of configuration Debug for project Ex_1 ****
Info: Internal Builder is used for build
gcc -O0 -g3 -Wall -c -fmessage-length=0 -o "src\\Ex_1.o" "..\\src\\Ex_1.c" 
gcc -o Ex_1.exe "src\\Ex_1.o" 
Info: Nothing to build for Ex_1
??:??:?? **** Incremental Build of configuration Debug for project Ex_1 ****
Info: Internal Builder is used for build
gcc -O0 -g3 -Wall -c -fmessage-length=0 -o "src\\Ex_1.o" "..\\src\\Ex_1.c" 
gcc -o Ex_1.exe "src\\Ex_1.o" 
Info: Nothing to build for Ex_1
??:??:?? **** Incremental Build of configuration Debug for project Ex_1 ****
Info: Internal Builder is used for build
gcc -O0 -g3 -Wall -c -fmessage-length=0 -o "src\\Ex_1.o" "..\\src\\Ex_1.c" 
gcc -o Ex_1.exe "src\\Ex_1.o" 
Info: Nothing to build for Ex_1
Info: Nothing to build for Ex_1
Info: Nothing to build for Ex_1
??:??:?? **** Rebuild of configuration Debug for project Ex_3 ****
Info: Internal Builder is used for build
gcc -O0 -g3 -Wall -c -fmessage-length=0 -o "src\\Ex_3.o" "..\\src\\Ex_3.c" 
gcc -o Ex_3.exe "src\\Ex_3.o" 
Info: Nothing to build for Ex_3
